<?xml version="1.0" encoding="UTF-8"?>
<testng-results ignored="0" total="1" passed="1" failed="0" skipped="0">
  <reporter-output>
  </reporter-output>
  <suite started-at="2023-07-31T12:59:53 IST" name="Default suite" finished-at="2023-07-31T13:01:19 IST" duration-ms="86758">
    <groups>
    </groups>
    <test started-at="2023-07-31T12:59:53 IST" name="Default test" finished-at="2023-07-31T13:01:19 IST" duration-ms="86758">
      <class name="test.Automationpagetest">
        <test-method is-config="true" signature="setup()[pri:0, instance:test.Automationpagetest@194bcebf]" started-at="2023-07-31T12:59:53 IST" name="setup" finished-at="2023-07-31T13:01:11 IST" duration-ms="78586" status="PASS">
          <reporter-output>
          </reporter-output>
        </test-method> <!-- setup -->
        <test-method signature="testlogin()[pri:0, instance:test.Automationpagetest@194bcebf]" started-at="2023-07-31T13:01:11 IST" name="testlogin" finished-at="2023-07-31T13:01:19 IST" duration-ms="8094" status="PASS">
          <reporter-output>
          </reporter-output>
        </test-method> <!-- testlogin -->
      </class> <!-- test.Automationpagetest -->
    </test> <!-- Default test -->
  </suite> <!-- Default suite -->
</testng-results>
